<?xml version="1.0" encoding="UTF-8"?>
<testng-results skipped="0" failed="0" ignored="0" total="1" passed="1">
  <reporter-output>
  </reporter-output>
  <suite name="Default suite" duration-ms="59167" started-at="2020-03-11T16:32:15 IST" finished-at="2020-03-11T16:33:14 IST">
    <groups>
    </groups>
    <test name="Default test" duration-ms="59167" started-at="2020-03-11T16:32:15 IST" finished-at="2020-03-11T16:33:14 IST">
      <class name="testcases.TC001_LoginLogout">
        <test-method status="PASS" signature="sendData()[pri:0, instance:testcases.TC001_LoginLogout@d44fc21]" name="sendData" is-config="true" duration-ms="16" started-at="2020-03-11T16:32:15 IST" finished-at="2020-03-11T16:32:15 IST">
          <reporter-output>
          </reporter-output>
        </test-method> <!-- sendData -->
        <test-method status="PASS" signature="LaunchBrowser()[pri:0, instance:testcases.TC001_LoginLogout@d44fc21]" name="LaunchBrowser" is-config="true" duration-ms="16282" started-at="2020-03-11T16:32:16 IST" finished-at="2020-03-11T16:32:32 IST">
          <reporter-output>
          </reporter-output>
        </test-method> <!-- LaunchBrowser -->
        <test-method status="PASS" signature="runTest(java.lang.String, java.lang.String)[pri:0, instance:testcases.TC001_LoginLogout@d44fc21]" name="runTest" duration-ms="41990" started-at="2020-03-11T16:32:32 IST" data-provider="fetchData" finished-at="2020-03-11T16:33:14 IST">
          <params>
            <param index="0">
              <value>
                <![CDATA[divya2red@gmail.com]]>
              </value>
            </param>
            <param index="1">
              <value>
                <![CDATA[Bluesky@123]]>
              </value>
            </param>
          </params>
          <reporter-output>
          </reporter-output>
        </test-method> <!-- runTest -->
        <test-method status="PASS" signature="CloseBrowser()[pri:0, instance:testcases.TC001_LoginLogout@d44fc21]" name="CloseBrowser" is-config="true" duration-ms="173" started-at="2020-03-11T16:33:14 IST" finished-at="2020-03-11T16:33:14 IST">
          <reporter-output>
          </reporter-output>
        </test-method> <!-- CloseBrowser -->
      </class> <!-- testcases.TC001_LoginLogout -->
    </test> <!-- Default test -->
  </suite> <!-- Default suite -->
</testng-results>
